Sat Mar 05 11:35:32 PST 2016 : Apache Derby Network Server - 10.11.1.2 - (1629631) started and ready to accept connections on port 1527
----------------------------------------------------------------
Sat Mar 05 11:35:32 PST 2016:
Booting Derby version The Apache Software Foundation - Apache Derby - 10.11.1.2 - (1629631): instance a816c00e-0153-4847-18ba-000067fbd73b 
on database directory C:\Users\Razza\Desktop\480Project-CadetForm\database\CadetInfo with class loader sun.misc.Launcher$AppClassLoader@5e2de80c 
Loaded from file:/C:/Program%20Files/Java/jdk1.8.0_71/db/lib/derby.jar
java.vendor=Oracle Corporation
java.runtime.version=1.8.0_71-b15
user.dir=C:\Program Files\Java\jdk1.8.0_71\db
os.name=Windows 10
os.arch=amd64
os.version=10.0
derby.system.home=C:\Users\Razza\Desktop\480Project-CadetForm\database
Database Class Loader started - derby.database.classpath=''
----------------------------------------------------------------
Sat Mar 05 11:50:14 PST 2016: Shutting down Derby engine
----------------------------------------------------------------
Sat Mar 05 11:50:14 PST 2016:
Shutting down instance a816c00e-0153-4847-18ba-000067fbd73b on database directory C:\Users\Razza\Desktop\480Project-CadetForm\database\CadetInfo with class loader sun.misc.Launcher$AppClassLoader@5e2de80c 
----------------------------------------------------------------
